<?xml version="1.0" encoding="UTF-8"?>
<!-- Generated by org.testng.reporters.JUnitReportReporter -->
<testsuite hostname="LGDN18-1211-W10" name="joomla.testcase.TC_JOOMLA_ARTICLE_005" tests="1" failures="0" timestamp="23 Dec 2019 09:06:50 GMT" time="17.238" errors="0">
  <testcase name="testTC005" time="17.238" classname="joomla.testcase.TC_JOOMLA_ARTICLE_005"/>
</testsuite> <!-- joomla.testcase.TC_JOOMLA_ARTICLE_005 -->
