<?xml version="1.0" encoding="UTF-8"?>
<!-- Generated by org.testng.reporters.JUnitReportReporter -->
<testsuite hostname="LGDN18-1211-W10" name="joomla.testcase.TC_JOOMLA_CONTACTS_005" tests="1" failures="0" timestamp="23 Dec 2019 02:31:49 GMT" time="5.417" errors="0">
  <testcase name="f" time="5.417" classname="joomla.testcase.TC_JOOMLA_CONTACTS_005"/>
</testsuite> <!-- joomla.testcase.TC_JOOMLA_CONTACTS_005 -->
