<?xml version="1.0" encoding="UTF-8"?>
<!-- Generated by org.testng.reporters.JUnitReportReporter -->
<testsuite hostname="LGDN18-1211-W10" name="joomla.testcase.TC_JOOMLA_ARTICLE_008" tests="1" failures="0" timestamp="23 Dec 2019 09:07:22 GMT" time="9.686" errors="0">
  <testcase name="testTC008" time="9.686" classname="joomla.testcase.TC_JOOMLA_ARTICLE_008"/>
</testsuite> <!-- joomla.testcase.TC_JOOMLA_ARTICLE_008 -->
