<?xml version="1.0" encoding="UTF-8"?>
<!-- Generated by org.testng.reporters.JUnitReportReporter -->
<testsuite hostname="LGDN18-1211-W10" name="joomla.testcase.TC_JOOMLA_ARTICLE_005" tests="1" failures="0" timestamp="20 Dec 2019 03:59:09 GMT" time="6.410" errors="0">
  <testcase name="testTC005" time="6.410" classname="joomla.testcase.TC_JOOMLA_ARTICLE_005"/>
</testsuite> <!-- joomla.testcase.TC_JOOMLA_ARTICLE_005 -->
