<?xml version="1.0" encoding="UTF-8"?>
<!-- Generated by org.testng.reporters.JUnitReportReporter -->
<testsuite hostname="Com-18-1072-W10" name="joomla.testcase.TC_JOOMLA_ARTICLE_004" tests="3" failures="0" timestamp="23 Dec 2019 09:23:52 GMT" time="27.415" errors="0">
  <testcase name="testTC004" time="6.405" classname="joomla.testcase.TC_JOOMLA_ARTICLE_004"/>
  <testcase name="testTC004" time="13.103" classname="joomla.testcase.TC_JOOMLA_ARTICLE_004"/>
  <testcase name="testTC004" time="7.907" classname="joomla.testcase.TC_JOOMLA_ARTICLE_004"/>
</testsuite> <!-- joomla.testcase.TC_JOOMLA_ARTICLE_004 -->
