<?xml version="1.0" encoding="UTF-8"?>
<!-- Generated by org.testng.reporters.JUnitReportReporter -->
<testsuite hostname="Com-18-1072-W10" name="joomla.testcase.TC_JOOMLA_ARTICLE_007" tests="3" failures="0" timestamp="23 Dec 2019 09:45:43 GMT" time="28.554" errors="0">
  <testcase name="testTC007" time="6.988" classname="joomla.testcase.TC_JOOMLA_ARTICLE_007"/>
  <testcase name="testTC007" time="5.896" classname="joomla.testcase.TC_JOOMLA_ARTICLE_007"/>
  <testcase name="testTC007" time="15.670" classname="joomla.testcase.TC_JOOMLA_ARTICLE_007"/>
</testsuite> <!-- joomla.testcase.TC_JOOMLA_ARTICLE_007 -->
