<?xml version="1.0" encoding="UTF-8"?>
<!-- Generated by org.testng.reporters.JUnitReportReporter -->
<testsuite hostname="LGDN18-1216-W10" name="joomla.testcase.TC_JOOMLA_ARTICLE_003" tests="1" failures="0" timestamp="20 Dec 2019 02:55:16 GMT" time="4.677" errors="0">
  <testcase name="TC003" time="4.677" classname="joomla.testcase.TC_JOOMLA_ARTICLE_003"/>
</testsuite> <!-- joomla.testcase.TC_JOOMLA_ARTICLE_003 -->
