<?xml version="1.0" encoding="UTF-8"?>
<!-- Generated by org.testng.reporters.JUnitReportReporter -->
<testsuite hostname="LGDN18-1211-W10" name="joomla.testcase.TC_JOOMLA_CONTACTS_005" tests="1" failures="0" timestamp="24 Dec 2019 02:13:51 GMT" time="18.995" errors="0">
  <testcase name="testTC005" time="18.995" classname="joomla.testcase.TC_JOOMLA_CONTACTS_005"/>
</testsuite> <!-- joomla.testcase.TC_JOOMLA_CONTACTS_005 -->
