<?xml version="1.0" encoding="UTF-8"?>
<!-- Generated by org.testng.reporters.JUnitReportReporter -->
<testsuite hostname="Com-18-1072-W10" name="joomla.testcase.TC_JOOMLA_CONTACTS_002" tests="1" failures="0" timestamp="23 Dec 2019 09:36:40 GMT" time="5.410" errors="0">
  <testcase name="testTC002" time="5.410" classname="joomla.testcase.TC_JOOMLA_CONTACTS_002"/>
</testsuite> <!-- joomla.testcase.TC_JOOMLA_CONTACTS_002 -->
