<?xml version="1.0" encoding="UTF-8"?>
<!-- Generated by org.testng.reporters.JUnitReportReporter -->
<testsuite hostname="LGDN18-1216-W10" name="joomla.testcase.TC_JOOMLA_ARTICLE_006" tests="1" failures="0" timestamp="20 Dec 2019 05:23:30 GMT" time="6.648" errors="0">
  <testcase name="TC006" time="6.648" classname="joomla.testcase.TC_JOOMLA_ARTICLE_006"/>
</testsuite> <!-- joomla.testcase.TC_JOOMLA_ARTICLE_006 -->
