<?xml version="1.0" encoding="UTF-8"?>
<!-- Generated by org.testng.reporters.JUnitReportReporter -->
<testsuite skipped="0" hostname="PHI-LONG-COMPUTER" name="joomla.testcase.TC_JOOMLA_CONTACTS_006" tests="1" failures="0" timestamp="2019-12-23T23:10:13 ICT" time="25.763" errors="0">
  <testcase name="testTC006" time="25.763" classname="joomla.testcase.TC_JOOMLA_CONTACTS_006"/>
</testsuite> <!-- joomla.testcase.TC_JOOMLA_CONTACTS_006 -->
