<?xml version="1.0" encoding="UTF-8"?>
<!-- Generated by org.testng.reporters.JUnitReportReporter -->
<testsuite hostname="LGDN18-1211-W10" name="joomla.testcase.TC_JOOMLA_ARTICLE_008" tests="1" failures="0" timestamp="20 Dec 2019 10:01:07 GMT" time="6.692" errors="0">
  <testcase name="testTC008" time="6.692" classname="joomla.testcase.TC_JOOMLA_ARTICLE_008"/>
</testsuite> <!-- joomla.testcase.TC_JOOMLA_ARTICLE_008 -->
