<?xml version="1.0" encoding="UTF-8"?>
<!-- Generated by org.testng.reporters.JUnitReportReporter -->
<testsuite hostname="LGDN18-1211-W10" name="joomla.testcase.TC_JOOMLA_ARTICLE_002" tests="1" failures="0" timestamp="23 Dec 2019 09:06:14 GMT" time="18.684" errors="0">
  <testcase name="testTC002" time="18.684" classname="joomla.testcase.TC_JOOMLA_ARTICLE_002"/>
</testsuite> <!-- joomla.testcase.TC_JOOMLA_ARTICLE_002 -->
