<?xml version="1.0" encoding="UTF-8"?>
<!-- Generated by org.testng.reporters.JUnitReportReporter -->
<testsuite hostname="LGDN18-1211-W10" name="joomla.testcase.TC_JOOMLA_CONTACTS_008" tests="1" failures="0" timestamp="24 Dec 2019 02:18:20 GMT" time="3.231" errors="0">
  <testcase name="testTC008" time="3.231" classname="joomla.testcase.TC_JOOMLA_CONTACTS_008"/>
</testsuite> <!-- joomla.testcase.TC_JOOMLA_CONTACTS_008 -->
